C:\Program Files (x86)\MSBuild\Microsoft.Cpp\v4.0\V140\Microsoft.CppBuild.targets(368,5): warning MSB8004: Output Directory does not end with a trailing slash.  This build instance will add the slash as it is required to allow proper evaluation of the Output Directory.
  enemy_baum.cpp
c:\users\student\desktop\スイートクラッシュver0.96\sweetsadventure\enemy_baum.cpp(83): warning C4244: '=': 'double' から 'float' への変換です。データが失われる可能性があります。
c:\users\student\desktop\スイートクラッシュver0.96\sweetsadventure\enemy_baum.cpp(99): warning C4244: '=': 'double' から 'float' への変換です。データが失われる可能性があります。
c:\users\student\desktop\スイートクラッシュver0.96\sweetsadventure\enemy_baum.cpp(100): warning C4244: '=': 'double' から 'float' への変換です。データが失われる可能性があります。
c:\users\student\desktop\スイートクラッシュver0.96\sweetsadventure\enemy_baum.cpp(121): warning C4305: '引数': 'double' から 'float' へ切り詰めます。
  Enemy.cpp
c:\users\student\desktop\スイートクラッシュver0.96\sweetsadventure\enemy.cpp(91): warning C4244: '=': 'double' から 'float' への変換です。データが失われる可能性があります。
c:\users\student\desktop\スイートクラッシュver0.96\sweetsadventure\enemy.cpp(106): warning C4244: '=': 'double' から 'float' への変換です。データが失われる可能性があります。
c:\users\student\desktop\スイートクラッシュver0.96\sweetsadventure\enemy.cpp(107): warning C4244: '=': 'double' から 'float' への変換です。データが失われる可能性があります。
c:\users\student\desktop\スイートクラッシュver0.96\sweetsadventure\enemy.cpp(132): warning C4305: '引数': 'double' から 'float' へ切り詰めます。
  コードを生成中...
  コンパイル中...
  stage.cpp
  player.cpp
c:\users\student\desktop\スイートクラッシュver0.96\sweetsadventure\player.cpp(299): warning C4244: '引数': 'double' から 'float' への変換です。データが失われる可能性があります。
c:\users\student\desktop\スイートクラッシュver0.96\sweetsadventure\player.cpp(356): warning C4305: '引数': 'double' から 'FLOAT' へ切り詰めます。
c:\users\student\desktop\スイートクラッシュver0.96\sweetsadventure\player.cpp(403): warning C4305: '引数': 'double' から 'FLOAT' へ切り詰めます。
  game.cpp
c:\users\student\desktop\スイートクラッシュver0.96\sweetsadventure\game.cpp(83): warning C4305: '引数': 'double' から 'float' へ切り詰めます。
c:\users\student\desktop\スイートクラッシュver0.96\sweetsadventure\game.cpp(89): warning C4305: '引数': 'double' から 'float' へ切り詰めます。
  collision.cpp
c:\users\student\desktop\スイートクラッシュver0.96\sweetsadventure\collision.cpp(885): warning C4101: 'fVecOldYouY': ローカル変数は 1 度も使われていません。
c:\users\student\desktop\スイートクラッシュver0.96\sweetsadventure\collision.cpp(1568): warning C4101: 'fVecOldYouY': ローカル変数は 1 度も使われていません。
c:\users\student\desktop\スイートクラッシュver0.96\sweetsadventure\collision.cpp(1565): warning C4101: 'fVecYouY': ローカル変数は 1 度も使われていません。
  コードを生成中...
  SweetsAdventure.vcxproj -> C:\Users\student\Desktop\スイートクラッシュver0.96\SweetsAdventure\$\SweetsAdventure.exe
  SweetsAdventure.vcxproj -> C:\Users\student\Desktop\スイートクラッシュver0.96\SweetsAdventure\$\SweetsAdventure.pdb (Full PDB)
