c:\users\student\documents\visual studio 2015\projects\sweetsadventure\debug\vc140.pdb
c:\users\student\documents\visual studio 2015\projects\sweetsadventure\debug\vc140.idb
c:\users\student\documents\visual studio 2015\projects\sweetsadventure\debug\manager.obj
c:\users\student\documents\visual studio 2015\projects\sweetsadventure\debug\meshsphere.obj
c:\users\student\documents\visual studio 2015\projects\sweetsadventure\debug\model.obj
c:\users\student\documents\visual studio 2015\projects\sweetsadventure\debug\model_spawner.obj
c:\users\student\documents\visual studio 2015\projects\sweetsadventure\debug\mouse.obj
c:\users\student\documents\visual studio 2015\projects\sweetsadventure\debug\particle.obj
c:\users\student\documents\visual studio 2015\projects\sweetsadventure\debug\player.obj
c:\users\student\documents\visual studio 2015\projects\sweetsadventure\debug\player_motion.obj
c:\users\student\documents\visual studio 2015\projects\sweetsadventure\debug\renderer.obj
c:\users\student\documents\visual studio 2015\projects\sweetsadventure\debug\result.obj
c:\users\student\documents\visual studio 2015\projects\sweetsadventure\debug\scene.obj
c:\users\student\documents\visual studio 2015\projects\sweetsadventure\debug\scene2d.obj
c:\users\student\documents\visual studio 2015\projects\sweetsadventure\debug\scene3d.obj
c:\users\student\documents\visual studio 2015\projects\sweetsadventure\debug\score.obj
c:\users\student\documents\visual studio 2015\projects\sweetsadventure\debug\stage.obj
c:\users\student\documents\visual studio 2015\projects\sweetsadventure\debug\texture.obj
c:\users\student\documents\visual studio 2015\projects\sweetsadventure\debug\time.obj
c:\users\student\documents\visual studio 2015\projects\sweetsadventure\debug\title.obj
c:\users\student\documents\visual studio 2015\projects\sweetsadventure\debug\xinput.obj
c:\users\student\documents\visual studio 2015\projects\sweetsadventure\debug\barrier_block.obj
c:\users\student\documents\visual studio 2015\projects\sweetsadventure\debug\barrier_wood.obj
c:\users\student\documents\visual studio 2015\projects\sweetsadventure\debug\bg.obj
c:\users\student\documents\visual studio 2015\projects\sweetsadventure\debug\billboard.obj
c:\users\student\documents\visual studio 2015\projects\sweetsadventure\debug\camera.obj
c:\users\student\documents\visual studio 2015\projects\sweetsadventure\debug\collision.obj
c:\users\student\documents\visual studio 2015\projects\sweetsadventure\debug\deleteitem.obj
c:\users\student\documents\visual studio 2015\projects\sweetsadventure\debug\effect.obj
c:\users\student\documents\visual studio 2015\projects\sweetsadventure\debug\effect_sphere.obj
c:\users\student\documents\visual studio 2015\projects\sweetsadventure\debug\enemy.obj
c:\users\student\documents\visual studio 2015\projects\sweetsadventure\debug\enemy_baum.obj
c:\users\student\documents\visual studio 2015\projects\sweetsadventure\debug\fade.obj
c:\users\student\documents\visual studio 2015\projects\sweetsadventure\debug\field.obj
c:\users\student\documents\visual studio 2015\projects\sweetsadventure\debug\game.obj
c:\users\student\documents\visual studio 2015\projects\sweetsadventure\debug\goal.obj
c:\users\student\documents\visual studio 2015\projects\sweetsadventure\debug\input.obj
c:\users\student\documents\visual studio 2015\projects\sweetsadventure\debug\keyboard.obj
c:\users\student\documents\visual studio 2015\projects\sweetsadventure\debug\layer_structure.obj
c:\users\student\documents\visual studio 2015\projects\sweetsadventure\debug\light.obj
c:\users\student\documents\visual studio 2015\projects\sweetsadventure\debug\main.obj
c:\users\student\documents\visual studio 2015\projects\sweetsadventure\debug\motion.obj
c:\users\student\documents\visual studio 2015\projects\sweetsadventure\debug\polygon.obj
c:\users\student\documents\visual studio 2015\projects\sweetsadventure\debug\sound.obj
c:\users\student\documents\visual studio 2015\projects\sweetsadventure\$\sweetsadventure.ilk
c:\users\student\documents\visual studio 2015\projects\sweetsadventure\$\sweetsadventure.exe
c:\users\student\documents\visual studio 2015\projects\sweetsadventure\$\sweetsadventure.pdb
c:\users\student\documents\visual studio 2015\projects\sweetsadventure\debug\motion.obj.enc
c:\users\student\documents\visual studio 2015\projects\sweetsadventure\debug\player.obj.enc
c:\users\student\documents\visual studio 2015\projects\sweetsadventure\debug\sweetsadventure.tlog\cl.command.1.tlog
c:\users\student\documents\visual studio 2015\projects\sweetsadventure\debug\sweetsadventure.tlog\cl.read.1.tlog
c:\users\student\documents\visual studio 2015\projects\sweetsadventure\debug\sweetsadventure.tlog\cl.write.1.tlog
c:\users\student\documents\visual studio 2015\projects\sweetsadventure\debug\sweetsadventure.tlog\link.command.1.tlog
c:\users\student\documents\visual studio 2015\projects\sweetsadventure\debug\sweetsadventure.tlog\link.read.1.tlog
c:\users\student\documents\visual studio 2015\projects\sweetsadventure\debug\sweetsadventure.tlog\link.write.1.tlog
