C:\Program Files (x86)\MSBuild\Microsoft.Cpp\v4.0\V140\Microsoft.CppBuild.targets(392,5): warning MSB8028: The intermediate directory (Debug\) contains files shared from another project (SetUI+.vcxproj).  This can lead to incorrect clean and rebuild behavior.
  スキップ中... (関連する変更は検出されませんでした)
  ui_manager.cpp
  ui.cpp
  texture.cpp
  scene2D.cpp
  scene.cpp
  renderer.cpp
  manager.cpp
  main.cpp
  input.cpp
main.obj : error LNK2019: 未解決の外部シンボル "struct ImGuiIO & __cdecl ImGui::GetIO(void)" (?GetIO@ImGui@@YAAAUImGuiIO@@XZ) が関数 _WinMain@16 で参照されました。
main.obj : error LNK2019: 未解決の外部シンボル "public: struct ImFont * __thiscall ImFontAtlas::AddFontFromFileTTF(char const *,float,struct ImFontConfig const *,unsigned short const *)" (?AddFontFromFileTTF@ImFontAtlas@@QAEPAUImFont@@PBDMPBUImFontConfig@@PBG@Z) が関数 _WinMain@16 で参照されました。
main.obj : error LNK2019: 未解決の外部シンボル "public: unsigned short const * __thiscall ImFontAtlas::GetGlyphRangesJapanese(void)" (?GetGlyphRangesJapanese@ImFontAtlas@@QAEPBGXZ) が関数 _WinMain@16 で参照されました。
main.obj : error LNK2019: 未解決の外部シンボル "long __cdecl ImGui_ImplWin32_WndProcHandler(struct HWND__ *,unsigned int,unsigned int,long)" (?ImGui_ImplWin32_WndProcHandler@@YAJPAUHWND__@@IIJ@Z) が関数 "long __stdcall WndProc(struct HWND__ *,unsigned int,unsigned int,long)" (?WndProc@@YGJPAUHWND__@@IIJ@Z) で参照されました。
manager.obj : error LNK2019: 未解決の外部シンボル "public: __thiscall CImgui_Window::CImgui_Window(void)" (??0CImgui_Window@@QAE@XZ) が関数 "public: long __thiscall CManager::Init(struct HINSTANCE__ *,struct HWND__ *,bool)" (?Init@CManager@@QAEJPAUHINSTANCE__@@PAUHWND__@@_N@Z) で参照されました。
manager.obj : error LNK2019: 未解決の外部シンボル "public: __thiscall CImgui_Window::~CImgui_Window(void)" (??1CImgui_Window@@QAE@XZ) が関数 "public: void * __thiscall CImgui_Window::`scalar deleting destructor'(unsigned int)" (??_GCImgui_Window@@QAEPAXI@Z) で参照されました。
manager.obj : error LNK2019: 未解決の外部シンボル "public: long __thiscall CImgui_Window::Init(struct HWND__ *,bool)" (?Init@CImgui_Window@@QAEJPAUHWND__@@_N@Z) が関数 "public: long __thiscall CManager::Init(struct HINSTANCE__ *,struct HWND__ *,bool)" (?Init@CManager@@QAEJPAUHINSTANCE__@@PAUHWND__@@_N@Z) で参照されました。
manager.obj : error LNK2019: 未解決の外部シンボル "public: void __thiscall CImgui_Window::Uninit(void)" (?Uninit@CImgui_Window@@QAEXXZ) が関数 "public: void __thiscall CManager::Uninit(void)" (?Uninit@CManager@@QAEXXZ) で参照されました。
manager.obj : error LNK2019: 未解決の外部シンボル "public: void __thiscall CImgui_Window::Update(void)" (?Update@CImgui_Window@@QAEXXZ) が関数 "public: void __thiscall CManager::Update(void)" (?Update@CManager@@QAEXXZ) で参照されました。
renderer.obj : error LNK2019: 未解決の外部シンボル "public: void __thiscall CImgui_Window::Draw(void)" (?Draw@CImgui_Window@@QAEXXZ) が関数 "public: void __thiscall CRenderer::Draw(void)" (?Draw@CRenderer@@QAEXXZ) で参照されました。
C:\Users\student\Documents\Visual Studio 2015\Projects\SetUI+\Debug\SetUI.exe : fatal error LNK1120: 10 件の未解決の外部参照
