c:\users\student\documents\visual studio 2015\projects\ツール\setui+\debug\vc140.pdb
c:\users\student\documents\visual studio 2015\projects\ツール\setui+\debug\vc140.idb
c:\users\student\documents\visual studio 2015\projects\ツール\setui+\debug\imgui.nativecodeanalysis.xml
c:\users\student\documents\visual studio 2015\projects\ツール\setui+\debug\imgui_demo.nativecodeanalysis.xml
c:\users\student\documents\visual studio 2015\projects\ツール\setui+\debug\imgui_draw.nativecodeanalysis.xml
c:\users\student\documents\visual studio 2015\projects\ツール\setui+\debug\imgui_impl_dx9.nativecodeanalysis.xml
c:\users\student\documents\visual studio 2015\projects\ツール\setui+\debug\imgui_impl_win32.nativecodeanalysis.xml
c:\users\student\documents\visual studio 2015\projects\ツール\setui+\debug\imgui_widgets.nativecodeanalysis.xml
c:\users\student\documents\visual studio 2015\projects\ツール\setui+\debug\imgui_window.nativecodeanalysis.xml
c:\users\student\documents\visual studio 2015\projects\ツール\setui+\debug\input.nativecodeanalysis.xml
c:\users\student\documents\visual studio 2015\projects\ツール\setui+\debug\main.nativecodeanalysis.xml
c:\users\student\documents\visual studio 2015\projects\ツール\setui+\debug\manager.nativecodeanalysis.xml
c:\users\student\documents\visual studio 2015\projects\ツール\setui+\debug\renderer.nativecodeanalysis.xml
c:\users\student\documents\visual studio 2015\projects\ツール\setui+\debug\scene.nativecodeanalysis.xml
c:\users\student\documents\visual studio 2015\projects\ツール\setui+\debug\scene2d.nativecodeanalysis.xml
c:\users\student\documents\visual studio 2015\projects\ツール\setui+\debug\texture.nativecodeanalysis.xml
c:\users\student\documents\visual studio 2015\projects\ツール\setui+\debug\ui.nativecodeanalysis.xml
c:\users\student\documents\visual studio 2015\projects\ツール\setui+\debug\ui_manager.nativecodeanalysis.xml
c:\users\student\documents\visual studio 2015\projects\ツール\setui+\debug\ui_manager.obj
c:\users\student\documents\visual studio 2015\projects\ツール\setui+\debug\ui.obj
c:\users\student\documents\visual studio 2015\projects\ツール\setui+\debug\texture.obj
c:\users\student\documents\visual studio 2015\projects\ツール\setui+\debug\scene2d.obj
c:\users\student\documents\visual studio 2015\projects\ツール\setui+\debug\scene.obj
c:\users\student\documents\visual studio 2015\projects\ツール\setui+\debug\renderer.obj
c:\users\student\documents\visual studio 2015\projects\ツール\setui+\debug\manager.obj
c:\users\student\documents\visual studio 2015\projects\ツール\setui+\debug\main.obj
c:\users\student\documents\visual studio 2015\projects\ツール\setui+\debug\input.obj
c:\users\student\documents\visual studio 2015\projects\ツール\setui+\debug\imgui_window.obj
c:\users\student\documents\visual studio 2015\projects\ツール\setui+\debug\imgui_widgets.obj
c:\users\student\documents\visual studio 2015\projects\ツール\setui+\debug\imgui_impl_win32.obj
c:\users\student\documents\visual studio 2015\projects\ツール\setui+\debug\imgui_impl_dx9.obj
c:\users\student\documents\visual studio 2015\projects\ツール\setui+\debug\imgui_draw.obj
c:\users\student\documents\visual studio 2015\projects\ツール\setui+\debug\imgui_demo.obj
c:\users\student\documents\visual studio 2015\projects\ツール\setui+\debug\imgui.obj
c:\users\student\documents\visual studio 2015\projects\ツール\setui+\debug\setui+.ilk
c:\users\student\documents\visual studio 2015\projects\ツール\setui+\debug\setui+.exe
c:\users\student\documents\visual studio 2015\projects\ツール\setui+\debug\setui+.pdb
c:\users\student\documents\visual studio 2015\projects\ツール\setui+\debug\nativecodeanalysis.read.1.tlog
c:\users\student\documents\visual studio 2015\projects\ツール\setui+\debug\vc.nativecodeanalysis.all.xml
c:\users\student\documents\visual studio 2015\projects\ツール\setui+\debug\setui+.exe.lastcodeanalysissucceeded
c:\users\student\documents\visual studio 2015\projects\ツール\setui+\debug\setui+.tlog\cl.command.1.tlog
c:\users\student\documents\visual studio 2015\projects\ツール\setui+\debug\setui+.tlog\cl.read.1.tlog
c:\users\student\documents\visual studio 2015\projects\ツール\setui+\debug\setui+.tlog\cl.write.1.tlog
c:\users\student\documents\visual studio 2015\projects\ツール\setui+\debug\setui+.tlog\link.command.1.tlog
c:\users\student\documents\visual studio 2015\projects\ツール\setui+\debug\setui+.tlog\link.read.1.tlog
c:\users\student\documents\visual studio 2015\projects\ツール\setui+\debug\setui+.tlog\link.write.1.tlog
