c:\users\student\documents\visual studio 2015\projects\setui\debug\vc140.pdb
c:\users\student\documents\visual studio 2015\projects\setui\debug\vc140.idb
c:\users\student\documents\visual studio 2015\projects\setui\debug\input.obj
c:\users\student\documents\visual studio 2015\projects\setui\debug\main.obj
c:\users\student\documents\visual studio 2015\projects\setui\debug\manager.obj
c:\users\student\documents\visual studio 2015\projects\setui\debug\renderer.obj
c:\users\student\documents\visual studio 2015\projects\setui\debug\scene.obj
c:\users\student\documents\visual studio 2015\projects\setui\debug\scene2d.obj
c:\users\student\documents\visual studio 2015\projects\setui\debug\texture.obj
c:\users\student\documents\visual studio 2015\projects\setui\debug\ui.obj
c:\users\student\documents\visual studio 2015\projects\setui\debug\ui_manager.obj
c:\users\student\documents\visual studio 2015\projects\setui\debug\setui.ilk
c:\users\student\documents\visual studio 2015\projects\setui\debug\setui.exe
c:\users\student\documents\visual studio 2015\projects\setui\debug\setui.pdb
c:\users\student\documents\visual studio 2015\projects\setui\debug\setui.tlog\cl.command.1.tlog
c:\users\student\documents\visual studio 2015\projects\setui\debug\setui.tlog\cl.read.1.tlog
c:\users\student\documents\visual studio 2015\projects\setui\debug\setui.tlog\cl.write.1.tlog
c:\users\student\documents\visual studio 2015\projects\setui\debug\setui.tlog\link.command.1.tlog
c:\users\student\documents\visual studio 2015\projects\setui\debug\setui.tlog\link.read.1.tlog
c:\users\student\documents\visual studio 2015\projects\setui\debug\setui.tlog\link.write.1.tlog
