c:\users\student\desktop\projects\新しいフォルダー\game_10\debug\vc140.pdb
c:\users\student\desktop\projects\新しいフォルダー\game_10\debug\vc140.idb
c:\users\student\desktop\projects\新しいフォルダー\game_10\debug\particle.obj
c:\users\student\desktop\projects\新しいフォルダー\game_10\debug\player.obj
c:\users\student\desktop\projects\新しいフォルダー\game_10\debug\polygon.obj
c:\users\student\desktop\projects\新しいフォルダー\game_10\debug\polygoneffect.obj
c:\users\student\desktop\projects\新しいフォルダー\game_10\debug\pushblock.obj
c:\users\student\desktop\projects\新しいフォルダー\game_10\debug\pushbutton.obj
c:\users\student\desktop\projects\新しいフォルダー\game_10\debug\renderer.obj
c:\users\student\desktop\projects\新しいフォルダー\game_10\debug\result.obj
c:\users\student\desktop\projects\新しいフォルダー\game_10\debug\scene.obj
c:\users\student\desktop\projects\新しいフォルダー\game_10\debug\scene2d.obj
c:\users\student\desktop\projects\新しいフォルダー\game_10\debug\scene3d.obj
c:\users\student\desktop\projects\新しいフォルダー\game_10\debug\score.obj
c:\users\student\desktop\projects\新しいフォルダー\game_10\debug\select.obj
c:\users\student\desktop\projects\新しいフォルダー\game_10\debug\stage.obj
c:\users\student\desktop\projects\新しいフォルダー\game_10\debug\stage001.obj
c:\users\student\desktop\projects\新しいフォルダー\game_10\debug\stage_manager.obj
c:\users\student\desktop\projects\新しいフォルダー\game_10\debug\texture.obj
c:\users\student\desktop\projects\新しいフォルダー\game_10\debug\timer.obj
c:\users\student\desktop\projects\新しいフォルダー\game_10\debug\title.obj
c:\users\student\desktop\projects\新しいフォルダー\game_10\debug\wall.obj
c:\users\student\desktop\projects\新しいフォルダー\game_10\debug\logo.obj
c:\users\student\desktop\projects\新しいフォルダー\game_10\debug\nextbutton.obj
c:\users\student\desktop\projects\新しいフォルダー\game_10\debug\shotgun.obj
c:\users\student\desktop\projects\新しいフォルダー\game_10\debug\camera.obj
c:\users\student\desktop\projects\新しいフォルダー\game_10\debug\choose_game.obj
c:\users\student\desktop\projects\新しいフォルダー\game_10\debug\effect.obj
c:\users\student\desktop\projects\新しいフォルダー\game_10\debug\enemy.obj
c:\users\student\desktop\projects\新しいフォルダー\game_10\debug\enemy02.obj
c:\users\student\desktop\projects\新しいフォルダー\game_10\debug\fade.obj
c:\users\student\desktop\projects\新しいフォルダー\game_10\debug\game.obj
c:\users\student\desktop\projects\新しいフォルダー\game_10\debug\input.obj
c:\users\student\desktop\projects\新しいフォルダー\game_10\debug\item.obj
c:\users\student\desktop\projects\新しいフォルダー\game_10\debug\light.obj
c:\users\student\desktop\projects\新しいフォルダー\game_10\debug\main.obj
c:\users\student\desktop\projects\新しいフォルダー\game_10\debug\manager.obj
c:\users\student\desktop\projects\新しいフォルダー\game_10\debug\meshfield.obj
c:\users\student\desktop\projects\新しいフォルダー\game_10\debug\meshsky.obj
c:\users\student\desktop\projects\新しいフォルダー\game_10\debug\moveblock.obj
c:\users\student\desktop\projects\新しいフォルダー\game_10\debug\noneblock.obj
c:\users\student\desktop\projects\新しいフォルダー\game_10\debug\number.obj
c:\users\student\desktop\projects\新しいフォルダー\game_10\debug\attack_up.obj
c:\users\student\desktop\projects\新しいフォルダー\game_10\debug\bg.obj
c:\users\student\desktop\projects\新しいフォルダー\game_10\debug\billeffect.obj
c:\users\student\desktop\projects\新しいフォルダー\game_10\debug\block.obj
c:\users\student\desktop\projects\新しいフォルダー\game_10\debug\boss.obj
c:\users\student\desktop\projects\新しいフォルダー\game_10\debug\bullet.obj
c:\users\student\desktop\projects\新しいフォルダー\game_10\debug\explosion.obj
c:\users\student\desktop\projects\新しいフォルダー\game_10\debug\facialui.obj
c:\users\student\desktop\projects\新しいフォルダー\game_10\debug\goal.obj
c:\users\student\desktop\projects\新しいフォルダー\game_10\debug\homing.obj
c:\users\student\desktop\projects\新しいフォルダー\game_10\debug\tutorial.obj
c:\users\student\desktop\projects\新しいフォルダー\game_10\debug\tcp_client.obj
c:\users\student\desktop\projects\新しいフォルダー\game_10\debug\ranking.obj
c:\users\student\desktop\projects\新しいフォルダー\game_10\debug\stage_tutorial.obj
c:\users\student\desktop\projects\新しいフォルダー\game_10\debug\stage_top.obj
c:\users\student\desktop\projects\新しいフォルダー\game_10\debug\stage002.obj
c:\users\student\desktop\projects\新しいフォルダー\game_10\debug\game_10.ilk
c:\users\student\desktop\projects\新しいフォルダー\game_10\debug\game_10.exe
c:\users\student\desktop\projects\新しいフォルダー\game_10\debug\game_10.pdb
c:\users\student\desktop\projects\新しいフォルダー\game_10\debug\game_10.tlog\cl.command.1.tlog
c:\users\student\desktop\projects\新しいフォルダー\game_10\debug\game_10.tlog\cl.read.1.tlog
c:\users\student\desktop\projects\新しいフォルダー\game_10\debug\game_10.tlog\cl.write.1.tlog
c:\users\student\desktop\projects\新しいフォルダー\game_10\debug\game_10.tlog\link.command.1.tlog
c:\users\student\desktop\projects\新しいフォルダー\game_10\debug\game_10.tlog\link.read.1.tlog
c:\users\student\desktop\projects\新しいフォルダー\game_10\debug\game_10.tlog\link.write.1.tlog
