c:\users\student\documents\visual studio 2015\projects\sweetsadventure\release\vc140.pdb
c:\users\student\documents\visual studio 2015\projects\sweetsadventure\release\model.obj
c:\users\student\documents\visual studio 2015\projects\sweetsadventure\release\meshsphere.obj
c:\users\student\documents\visual studio 2015\projects\sweetsadventure\release\manager.obj
c:\users\student\documents\visual studio 2015\projects\sweetsadventure\release\main.obj
c:\users\student\documents\visual studio 2015\projects\sweetsadventure\release\light.obj
c:\users\student\documents\visual studio 2015\projects\sweetsadventure\release\layer_structure.obj
c:\users\student\documents\visual studio 2015\projects\sweetsadventure\release\keyboard.obj
c:\users\student\documents\visual studio 2015\projects\sweetsadventure\release\input.obj
c:\users\student\documents\visual studio 2015\projects\sweetsadventure\release\goal.obj
c:\users\student\documents\visual studio 2015\projects\sweetsadventure\release\game.obj
c:\users\student\documents\visual studio 2015\projects\sweetsadventure\release\field.obj
c:\users\student\documents\visual studio 2015\projects\sweetsadventure\release\fade.obj
c:\users\student\documents\visual studio 2015\projects\sweetsadventure\release\enemy.obj
c:\users\student\documents\visual studio 2015\projects\sweetsadventure\release\effect_sphere.obj
c:\users\student\documents\visual studio 2015\projects\sweetsadventure\release\effect.obj
c:\users\student\documents\visual studio 2015\projects\sweetsadventure\release\deleteitem.obj
c:\users\student\documents\visual studio 2015\projects\sweetsadventure\release\collision.obj
c:\users\student\documents\visual studio 2015\projects\sweetsadventure\release\camera.obj
c:\users\student\documents\visual studio 2015\projects\sweetsadventure\release\billboard.obj
c:\users\student\documents\visual studio 2015\projects\sweetsadventure\release\bg.obj
c:\users\student\documents\visual studio 2015\projects\sweetsadventure\release\xinput.obj
c:\users\student\documents\visual studio 2015\projects\sweetsadventure\release\title.obj
c:\users\student\documents\visual studio 2015\projects\sweetsadventure\release\time.obj
c:\users\student\documents\visual studio 2015\projects\sweetsadventure\release\texture.obj
c:\users\student\documents\visual studio 2015\projects\sweetsadventure\release\stage.obj
c:\users\student\documents\visual studio 2015\projects\sweetsadventure\release\score.obj
c:\users\student\documents\visual studio 2015\projects\sweetsadventure\release\scene3d.obj
c:\users\student\documents\visual studio 2015\projects\sweetsadventure\release\scene2d.obj
c:\users\student\documents\visual studio 2015\projects\sweetsadventure\release\scene.obj
c:\users\student\documents\visual studio 2015\projects\sweetsadventure\release\result.obj
c:\users\student\documents\visual studio 2015\projects\sweetsadventure\release\renderer.obj
c:\users\student\documents\visual studio 2015\projects\sweetsadventure\release\player.obj
c:\users\student\documents\visual studio 2015\projects\sweetsadventure\release\particle.obj
c:\users\student\documents\visual studio 2015\projects\sweetsadventure\release\mouse.obj
c:\users\student\documents\visual studio 2015\projects\sweetsadventure\release\motion.obj
c:\users\student\documents\visual studio 2015\projects\sweetsadventure\release\model_spawner.obj
c:\users\student\documents\visual studio 2015\projects\sweetsadventure\release\enemy_baum.obj
c:\users\student\documents\visual studio 2015\projects\sweetsadventure\release\barrier_wood.obj
c:\users\student\documents\visual studio 2015\projects\sweetsadventure\release\barrier_block.obj
c:\users\student\documents\visual studio 2015\projects\sweetsadventure\release\player_motion.obj
c:\users\student\documents\visual studio 2015\projects\sweetsadventure\release\gauge.obj
c:\users\student\documents\visual studio 2015\projects\sweetsadventure\release\sound.obj
c:\users\student\documents\visual studio 2015\projects\sweetsadventure\release\shadow.obj
c:\users\student\documents\visual studio 2015\projects\sweetsadventure\release\polygon.obj
c:\users\student\documents\visual studio 2015\projects\sweetsadventure\sweetsadventure.exe
c:\users\student\documents\visual studio 2015\projects\sweetsadventure\sweetsadventure.ipdb
c:\users\student\documents\visual studio 2015\projects\sweetsadventure\sweetsadventure.iobj
c:\users\student\documents\visual studio 2015\projects\sweetsadventure\sweetsadventure.pdb
c:\users\student\documents\visual studio 2015\projects\sweetsadventure\release\sweetsadventure.tlog\cl.command.1.tlog
c:\users\student\documents\visual studio 2015\projects\sweetsadventure\release\sweetsadventure.tlog\cl.read.1.tlog
c:\users\student\documents\visual studio 2015\projects\sweetsadventure\release\sweetsadventure.tlog\cl.write.1.tlog
c:\users\student\documents\visual studio 2015\projects\sweetsadventure\release\sweetsadventure.tlog\link.command.1.tlog
c:\users\student\documents\visual studio 2015\projects\sweetsadventure\release\sweetsadventure.tlog\link.read.1.tlog
c:\users\student\documents\visual studio 2015\projects\sweetsadventure\release\sweetsadventure.tlog\link.write.1.tlog
