  goal.cpp
  keyui.cpp
  ranking.cpp
  enemy02.cpp
enemy02.cpp(157): warning C4244: '引数': 'FLOAT' から 'int' への変換です。データが失われる可能性があります。
  game.cpp
  manager.cpp
  number.cpp
  result.cpp
  score.cpp
c:\users\student\desktop\projects\新しいフォルダー\game_10\number.h(38): warning C4244: '初期化中': 'double' から 'int' への変換です。データが失われる可能性があります。
  score.cpp(125): note: コンパイル対象の関数 テンプレート インスタンス化 'T Exponentiation<int>(T,T)' のリファレンスを確認してください
          with
          [
              T=int
          ]
  stage_tutorial.cpp
stage_tutorial.cpp(75): warning C4244: '引数': 'int' から 'FLOAT' への変換です。データが失われる可能性があります。
stage_tutorial.cpp(82): warning C4244: '引数': 'int' から 'FLOAT' への変換です。データが失われる可能性があります。
stage_tutorial.cpp(88): warning C4244: '引数': 'int' から 'FLOAT' への変換です。データが失われる可能性があります。
stage_tutorial.cpp(94): warning C4244: '引数': 'int' から 'FLOAT' への変換です。データが失われる可能性があります。
stage_tutorial.cpp(100): warning C4244: '引数': 'int' から 'FLOAT' への変換です。データが失われる可能性があります。
  stage_top.cpp
stage_top.cpp(71): warning C4244: '引数': 'int' から 'FLOAT' への変換です。データが失われる可能性があります。
stage_top.cpp(79): warning C4244: '引数': 'int' から 'FLOAT' への変換です。データが失われる可能性があります。
stage_top.cpp(86): warning C4244: '引数': 'int' から 'FLOAT' への変換です。データが失われる可能性があります。
stage_top.cpp(93): warning C4244: '引数': 'int' から 'FLOAT' への変換です。データが失われる可能性があります。
stage_top.cpp(100): warning C4244: '引数': 'int' から 'FLOAT' への変換です。データが失われる可能性があります。
  stage_manager.cpp
  timer.cpp
  tutorial.cpp
  コード生成しています。
  33 of 564 functions ( 5.9%) were compiled, the rest were copied from previous compilation.
    5 functions were new in current compilation
    11 functions had inline decision re-evaluated but remain unchanged
  コード生成が終了しました。
  game_10.vcxproj -> C:\Users\student\Desktop\Projects\新しいフォルダー\game_10\Release\game_10.exe
  game_10.vcxproj -> C:\Users\student\Desktop\Projects\新しいフォルダー\game_10\Release\game_10.pdb (Full PDB)
