  manager.cpp
  コードを生成中...
  コンパイル中...
  main.cpp
  コードを生成中...
  スキップ中... (関連する変更は検出されませんでした)
  water_crest_effect.cpp
  texture.cpp
  straight_effect.cpp
  smoke_effect.cpp
  scene3D.cpp
  scene2D.cpp
  renderer.cpp
  light.cpp
  landing_effect.cpp
  explosion_effect.cpp
  effect_manager.cpp
  effect.cpp
  dome_effect.cpp
  circle_effect.cpp
  camera.cpp
  billeffect.cpp
  3DEffect.vcxproj -> C:\Users\student\Documents\Visual Studio 2015\Projects\3DEffect\Debug\3DEffect.exe
  3DEffect.vcxproj -> C:\Users\student\Documents\Visual Studio 2015\Projects\3DEffect\Debug\3DEffect.pdb (Full PDB)
